{"timestamp":"2025-06-08T22:22:14.375636","level":"info","event":"DAG bundles loaded: dags-folder","logger":"airflow.dag_processing.bundles.manager.DagBundlesManager"}
{"timestamp":"2025-06-08T22:22:14.376090","level":"info","event":"Filling up the DagBag from /opt/airflow/dags/duration-prediction_dag.py","logger":"airflow.models.dagbag.DagBag"}
{"timestamp":"2025-06-08T22:22:19.174839Z","level":"error","event":"2025/06/08 22:22:19 WARNING mlflow.utils.git_utils: Failed to import Git (the Git executable is probably not on your PATH), so Git SHA is not available. Error: Failed to initialize: Bad git executable.","chan":"stderr","logger":"task"}
{"timestamp":"2025-06-08T22:22:19.175314Z","level":"error","event":"The git executable must be specified in one of the following ways:","chan":"stderr","logger":"task"}
{"timestamp":"2025-06-08T22:22:19.175670Z","level":"error","event":"    - be included in your $PATH","chan":"stderr","logger":"task"}
{"timestamp":"2025-06-08T22:22:19.176155Z","level":"error","event":"    - be set via $GIT_PYTHON_GIT_EXECUTABLE","chan":"stderr","logger":"task"}
{"timestamp":"2025-06-08T22:22:19.176472Z","level":"error","event":"    - explicitly set via git.refresh(<full-path-to-git-executable>)","chan":"stderr","logger":"task"}
{"timestamp":"2025-06-08T22:22:19.176636Z","level":"error","event":"","chan":"stderr","logger":"task"}
{"timestamp":"2025-06-08T22:22:19.176933Z","level":"error","event":"All git commands will error until this is rectified.","chan":"stderr","logger":"task"}
{"timestamp":"2025-06-08T22:22:19.177244Z","level":"error","event":"","chan":"stderr","logger":"task"}
{"timestamp":"2025-06-08T22:22:19.177561Z","level":"error","event":"This initial message can be silenced or aggravated in the future by setting the","chan":"stderr","logger":"task"}
{"timestamp":"2025-06-08T22:22:19.177867Z","level":"error","event":"$GIT_PYTHON_REFRESH environment variable. Use one of the following values:","chan":"stderr","logger":"task"}
{"timestamp":"2025-06-08T22:22:19.178181Z","level":"error","event":"    - quiet|q|silence|s|silent|none|n|0: for no message or exception","chan":"stderr","logger":"task"}
{"timestamp":"2025-06-08T22:22:19.178487Z","level":"error","event":"    - warn|w|warning|log|l|1: for a warning message (logging level CRITICAL, displayed by default)","chan":"stderr","logger":"task"}
{"timestamp":"2025-06-08T22:22:19.178806Z","level":"error","event":"    - error|e|exception|raise|r|2: for a raised exception","chan":"stderr","logger":"task"}
{"timestamp":"2025-06-08T22:22:19.179094Z","level":"error","event":"","chan":"stderr","logger":"task"}
{"timestamp":"2025-06-08T22:22:19.179408Z","level":"error","event":"Example:","chan":"stderr","logger":"task"}
{"timestamp":"2025-06-08T22:22:19.179713Z","level":"error","event":"    export GIT_PYTHON_REFRESH=quiet","chan":"stderr","logger":"task"}
{"timestamp":"2025-06-08T22:22:19.180030Z","level":"error","event":"","chan":"stderr","logger":"task"}
{"timestamp":"2025-06-08T22:22:19.254045","level":"warning","event":"/home/airflow/.local/lib/python3.12/site-packages/xgboost/callback.py:386: UserWarning: [22:22:19] WARNING: /workspace/src/objective/regression_obj.cu:250: reg:linear is now deprecated in favor of reg:squarederror.\n  self.starting_round = model.num_boosted_rounds()\n","logger":"py.warnings"}
{"timestamp":"2025-06-08T22:22:20.780469Z","level":"info","event":"[0]\tvalidation-rmse:11.44482","chan":"stdout","logger":"task"}
{"timestamp":"2025-06-08T22:22:21.967437Z","level":"info","event":"[1]\tvalidation-rmse:10.77202","chan":"stdout","logger":"task"}
{"timestamp":"2025-06-08T22:22:22.758008Z","level":"info","event":"[2]\tvalidation-rmse:10.18363","chan":"stdout","logger":"task"}
{"timestamp":"2025-06-08T22:22:23.723274Z","level":"info","event":"[3]\tvalidation-rmse:9.67396","chan":"stdout","logger":"task"}
{"timestamp":"2025-06-08T22:22:24.542662Z","level":"info","event":"[4]\tvalidation-rmse:9.23166","chan":"stdout","logger":"task"}
{"timestamp":"2025-06-08T22:22:25.414177Z","level":"info","event":"[5]\tvalidation-rmse:8.84808","chan":"stdout","logger":"task"}
{"timestamp":"2025-06-08T22:22:26.205168Z","level":"info","event":"[6]\tvalidation-rmse:8.51883","chan":"stdout","logger":"task"}
{"timestamp":"2025-06-08T22:22:26.990617Z","level":"info","event":"[7]\tvalidation-rmse:8.23597","chan":"stdout","logger":"task"}
{"timestamp":"2025-06-08T22:22:27.755887Z","level":"info","event":"[8]\tvalidation-rmse:7.99320","chan":"stdout","logger":"task"}
{"timestamp":"2025-06-08T22:22:28.426666Z","level":"info","event":"[9]\tvalidation-rmse:7.78709","chan":"stdout","logger":"task"}
{"timestamp":"2025-06-08T22:22:29.090625Z","level":"info","event":"[10]\tvalidation-rmse:7.61022","chan":"stdout","logger":"task"}
{"timestamp":"2025-06-08T22:22:30.991625Z","level":"info","event":"[11]\tvalidation-rmse:7.45952","chan":"stdout","logger":"task"}
{"timestamp":"2025-06-08T22:22:33.828625Z","level":"info","event":"[12]\tvalidation-rmse:7.33049","chan":"stdout","logger":"task"}
{"timestamp":"2025-06-08T22:22:37.000615Z","level":"info","event":"[13]\tvalidation-rmse:7.22098","chan":"stdout","logger":"task"}
{"timestamp":"2025-06-08T22:22:38.783187Z","level":"info","event":"[14]\tvalidation-rmse:7.12713","chan":"stdout","logger":"task"}
{"timestamp":"2025-06-08T22:22:39.557438Z","level":"info","event":"[15]\tvalidation-rmse:7.04752","chan":"stdout","logger":"task"}
{"timestamp":"2025-06-08T22:22:40.049779Z","level":"info","event":"[16]\tvalidation-rmse:6.98005","chan":"stdout","logger":"task"}
{"timestamp":"2025-06-08T22:22:40.757106Z","level":"info","event":"[17]\tvalidation-rmse:6.92232","chan":"stdout","logger":"task"}
{"timestamp":"2025-06-08T22:22:41.269183Z","level":"info","event":"[18]\tvalidation-rmse:6.87112","chan":"stdout","logger":"task"}
{"timestamp":"2025-06-08T22:22:41.745984Z","level":"info","event":"[19]\tvalidation-rmse:6.82740","chan":"stdout","logger":"task"}
{"timestamp":"2025-06-08T22:22:42.272210Z","level":"info","event":"[20]\tvalidation-rmse:6.78995","chan":"stdout","logger":"task"}
{"timestamp":"2025-06-08T22:22:42.885089Z","level":"info","event":"[21]\tvalidation-rmse:6.75792","chan":"stdout","logger":"task"}
{"timestamp":"2025-06-08T22:22:43.280247Z","level":"info","event":"[22]\tvalidation-rmse:6.72994","chan":"stdout","logger":"task"}
{"timestamp":"2025-06-08T22:22:43.718700Z","level":"info","event":"[23]\tvalidation-rmse:6.70547","chan":"stdout","logger":"task"}
{"timestamp":"2025-06-08T22:22:44.086370Z","level":"info","event":"[24]\tvalidation-rmse:6.68390","chan":"stdout","logger":"task"}
{"timestamp":"2025-06-08T22:22:44.445749Z","level":"info","event":"[25]\tvalidation-rmse:6.66421","chan":"stdout","logger":"task"}
{"timestamp":"2025-06-08T22:22:45.017915Z","level":"info","event":"[26]\tvalidation-rmse:6.64806","chan":"stdout","logger":"task"}
{"timestamp":"2025-06-08T22:22:45.387621Z","level":"info","event":"[27]\tvalidation-rmse:6.63280","chan":"stdout","logger":"task"}
{"timestamp":"2025-06-08T22:22:45.831414Z","level":"info","event":"[28]\tvalidation-rmse:6.61924","chan":"stdout","logger":"task"}
{"timestamp":"2025-06-08T22:22:46.247035Z","level":"info","event":"[29]\tvalidation-rmse:6.60773","chan":"stdout","logger":"task"}
{"timestamp":"2025-06-08T22:22:46.591660Z","level":"info","event":"🏃 View run merciful-shrike-128 at: http://mlflow-server:5000/#/experiments/1/runs/0d35900441e64b8a935985e85fafa1b3","chan":"stdout","logger":"task"}
{"timestamp":"2025-06-08T22:22:46.591828Z","level":"info","event":"🧪 View experiment at: http://mlflow-server:5000/#/experiments/1","chan":"stdout","logger":"task"}
{"timestamp":"2025-06-08T22:22:46.606854","level":"error","event":"Task failed with exception","logger":"task","error_detail":[{"exc_type":"FileNotFoundError","exc_value":"[Errno 2] No such file or directory: 'models/preprocessor.b'","exc_notes":[],"syntax_error":null,"is_cause":false,"frames":[{"filename":"/home/airflow/.local/lib/python3.12/site-packages/airflow/sdk/execution_time/task_runner.py","lineno":838,"name":"run"},{"filename":"/home/airflow/.local/lib/python3.12/site-packages/airflow/sdk/execution_time/task_runner.py","lineno":1130,"name":"_execute_task"},{"filename":"/home/airflow/.local/lib/python3.12/site-packages/airflow/sdk/bases/operator.py","lineno":408,"name":"wrapper"},{"filename":"/home/airflow/.local/lib/python3.12/site-packages/airflow/providers/standard/operators/python.py","lineno":212,"name":"execute"},{"filename":"/home/airflow/.local/lib/python3.12/site-packages/airflow/providers/standard/operators/python.py","lineno":235,"name":"execute_callable"},{"filename":"/home/airflow/.local/lib/python3.12/site-packages/airflow/sdk/execution_time/callback_runner.py","lineno":81,"name":"run"},{"filename":"/opt/airflow/dags/duration-prediction_dag.py","lineno":90,"name":"_train_model"}]}]}
